=== RUN   TestDataFramePublicAPI
--- PASS: TestDataFramePublicAPI (0.00s)
=== RUN   TestDataFrameFilter
--- PASS: TestDataFrameFilter (0.00s)
=== RUN   TestDataFrameSelect
--- PASS: TestDataFrameSelect (0.00s)
=== RUN   TestDataFrameWithColumn
--- PASS: TestDataFrameWithColumn (0.00s)
=== RUN   TestDataFrameChaining
--- PASS: TestDataFrameChaining (0.00s)
=== RUN   TestGroupByBasicAggregation
--- PASS: TestGroupByBasicAggregation (0.00s)
=== RUN   TestGroupByMultipleAggregations
--- PASS: TestGroupByMultipleAggregations (0.00s)
=== RUN   TestGroupByMultipleColumns
    groupby_test.go:90: Multi-column GroupBy failed: multi-column groupby not yet implemented
--- FAIL: TestGroupByMultipleColumns (0.00s)
=== RUN   TestGroupByChaining
--- PASS: TestGroupByChaining (0.00s)
=== RUN   TestAggregationFunctions
--- PASS: TestAggregationFunctions (0.00s)
=== RUN   TestParquetRoundTrip
--- PASS: TestParquetRoundTrip (0.00s)
=== RUN   TestParquetWithRealData
--- PASS: TestParquetWithRealData (0.00s)
=== RUN   TestCSVRoundTrip
--- PASS: TestCSVRoundTrip (0.00s)
=== RUN   TestStorageBackendIntegration
--- PASS: TestStorageBackendIntegration (0.00s)
=== RUN   TestPropertyNullHandling
+ Operations handle nulls correctly: OK, passed 100 tests.
Elapsed time: 18.680584ms
--- PASS: TestPropertyNullHandling (0.02s)
=== RUN   TestPropertyEmptyDataFrame
+ Empty DataFrame operations don't panic: OK, passed 100 tests.
Elapsed time: 1.364541ms
--- PASS: TestPropertyEmptyDataFrame (0.00s)
=== RUN   TestPropertyLargeValues
! Handles extreme float values: Falsified after 2 passed tests.
ARG_0: [1]
Elapsed time: 32.375µs
    properties.go:57: failed with initial seed: 1753215151476961000
--- FAIL: TestPropertyLargeValues (0.00s)
=== RUN   TestPropertyStringOperations
+ String columns handle special characters: OK, passed 100 tests.
Elapsed time: 10.969959ms
--- PASS: TestPropertyStringOperations (0.01s)
=== RUN   TestPropertyChainedOperationsAssociativity
+ Chained operations are associative: OK, passed 100 tests.
Elapsed time: 31.898792ms
--- PASS: TestPropertyChainedOperationsAssociativity (0.03s)
=== RUN   TestPropertyFilterPreservesSchema
+ Filter preserves schema: OK, passed 100 tests.
Elapsed time: 30.756542ms
--- PASS: TestPropertyFilterPreservesSchema (0.03s)
=== RUN   TestPropertySelectSubset
+ Select returns subset of columns: OK, passed 100 tests.
Elapsed time: 34.029959ms
--- PASS: TestPropertySelectSubset (0.03s)
=== RUN   TestPropertyWithColumnIncreases
+ WithColumn adds one column: OK, passed 100 tests.
Elapsed time: 28.945583ms
--- PASS: TestPropertyWithColumnIncreases (0.03s)
=== RUN   TestPropertyGroupByAggregationConsistency
+ Sum aggregation is consistent: OK, passed 100 tests.
Elapsed time: 32.278458ms
--- PASS: TestPropertyGroupByAggregationConsistency (0.03s)
=== RUN   TestPropertyFilterCommutativity
! Filter operations are commutative: Falsified after 4 passed tests.
ARG_0: [{ID:813 Name: Value:4.41195757506626 Category:E}]
ARG_0_ORIGINAL (2 shrinks): [{ID:141 Name:f Value:14.395114962344262
   Category:E} {ID:59 Name:tfm Value:76.96412774919291 Category:A} {ID:813
   Name: Value:4.41195757506626 Category:E}]
ARG_1: 0
ARG_1_ORIGINAL (1 shrinks): 14.880176407561226
ARG_2: 1.977202945718923e-05
ARG_2_ORIGINAL (22 shrinks): 82.92990224040662
Elapsed time: 256.958µs
    properties.go:57: failed with initial seed: 1753215151646385000
--- FAIL: TestPropertyFilterCommutativity (0.00s)
=== RUN   TestPropertyParquetRoundTrip
+ Parquet round-trip preserves data: OK, passed 100 tests.
Elapsed time: 53.518042ms
--- PASS: TestPropertyParquetRoundTrip (0.07s)
=== RUN   TestPropertyDataFrameImmutability
+ Operations don't modify original DataFrame: OK, passed 100 tests.
Elapsed time: 36.978708ms
--- PASS: TestPropertyDataFrameImmutability (0.04s)
FAIL
FAIL	github.com/felixgeelhaar/gopherFrame	0.646s
FAIL
